d:\school work\gamejam\framework\base\debug\vc120.pdb
d:\school work\gamejam\framework\base\debug\vc120.idb
d:\school work\gamejam\framework\base\debug\loadtga.obj
d:\school work\gamejam\framework\base\debug\main.obj
d:\school work\gamejam\framework\base\debug\mesh.obj
d:\school work\gamejam\framework\base\debug\meshbuilder.obj
d:\school work\gamejam\framework\base\debug\phongshader.obj
d:\school work\gamejam\framework\base\debug\playercontrolscript.obj
d:\school work\gamejam\framework\base\debug\renderhelper.obj
d:\school work\gamejam\framework\base\debug\rendersystem.obj
d:\school work\gamejam\framework\base\debug\scenegj.obj
d:\school work\gamejam\framework\base\debug\scenemanager.obj
d:\school work\gamejam\framework\base\debug\scenetest.obj
d:\school work\gamejam\framework\base\debug\shader.obj
d:\school work\gamejam\framework\base\debug\shaderprogram.obj
d:\school work\gamejam\framework\base\debug\spherecollider.obj
d:\school work\gamejam\framework\base\debug\spriteanimation.obj
d:\school work\gamejam\framework\base\debug\spriterenderer.obj
d:\school work\gamejam\framework\base\debug\texture.obj
d:\school work\gamejam\framework\base\debug\texturemanager.obj
d:\school work\gamejam\framework\base\debug\transform.obj
d:\school work\gamejam\framework\base\debug\utility.obj
d:\school work\gamejam\framework\base\debug\b_banana_script.obj
d:\school work\gamejam\framework\base\debug\b_cookie_script.obj
d:\school work\gamejam\framework\base\debug\b_kickac_script.obj
d:\school work\gamejam\framework\base\debug\b_meatball_script.obj
d:\school work\gamejam\framework\base\debug\camera.obj
d:\school work\gamejam\framework\base\debug\collider.obj
d:\school work\gamejam\framework\base\debug\collisionsystem.obj
d:\school work\gamejam\framework\base\debug\component.obj
d:\school work\gamejam\framework\base\debug\componentmanager.obj
d:\school work\gamejam\framework\base\debug\controller_gamepad.obj
d:\school work\gamejam\framework\base\debug\controller_keyboard.obj
d:\school work\gamejam\framework\base\debug\controller_mouse.obj
d:\school work\gamejam\framework\base\debug\e_bowsirscript.obj
d:\school work\gamejam\framework\base\debug\e_octomanscript.obj
d:\school work\gamejam\framework\base\debug\gameobjectmanager.obj
d:\school work\gamejam\framework\base\debug\graphicsmanager.obj
d:\school work\gamejam\framework\base\debug\graphicsutility.obj
d:\school work\gamejam\framework\base\debug\inputmanager.obj
d:\school work\gamejam\framework\base\debug\loadhmap.obj
d:\school work\gamejam\framework\base\debug\loadobj.obj
d:\school work\gamejam\framework\base\debug\animation.obj
d:\school work\gamejam\framework\base\debug\application.obj
d:\school work\gamejam\framework\base\debug\audiomanager.obj
d:\school work\gamejam\framework\base\debug\backgroundscript.obj
d:\school work\gamejam\framework\debug\base.exe
d:\school work\gamejam\framework\debug\base.pdb
d:\school work\gamejam\framework\base\debug\base.tlog\cl.command.1.tlog
d:\school work\gamejam\framework\base\debug\base.tlog\cl.read.1.tlog
d:\school work\gamejam\framework\base\debug\base.tlog\cl.write.1.tlog
d:\school work\gamejam\framework\base\debug\base.tlog\link.command.1.tlog
d:\school work\gamejam\framework\base\debug\base.tlog\link.read.1.tlog
d:\school work\gamejam\framework\base\debug\base.tlog\link.write.1.tlog
